# JRE version: Java(TM) SE Runtime Environment (8.0_66-b17) (build 1.8.0_66-b17)
# Java VM: Java HotSpot(TM) 64-Bit Server VM (25.66-b17 mixed mode linux-amd64 compressed oops)
Heap:
 PSYoungGen      total 448512K, used 224719K [0x00000000d6f80000, 0x0000000100000000, 0x0000000100000000)
  eden space 224768K, 99% used [0x00000000d6f80000,0x00000000e4af3dd0,0x00000000e4b00000)
  from space 223744K, 0% used [0x00000000e4b00000,0x00000000e4b00000,0x00000000f2580000)
  to   space 223744K, 0% used [0x00000000f2580000,0x00000000f2580000,0x0000000100000000)
 ParOldGen       total 1345024K, used 1344884K [0x0000000084e00000, 0x00000000d6f80000, 0x00000000d6f80000)
  object space 1345024K, 99% used [0x0000000084e00000,0x00000000d6f5d250,0x00000000d6f80000)
 Metaspace       used 15224K, capacity 15388K, committed 15744K, reserved 1062912K
  class space    used 1754K, capacity 1821K, committed 1920K, reserved 1048576K
GC Heap History (10 events):
Event: 8949,513 GC heap before
{Heap before GC invocations=201 (full 96):
 PSYoungGen      total 448512K, used 224768K [0x00000000d6f80000, 0x0000000100000000, 0x0000000100000000)
  eden space 224768K, 100% used [0x00000000d6f80000,0x00000000e4b00000,0x00000000e4b00000)
  from space 223744K, 0% used [0x00000000e4b00000,0x00000000e4b00000,0x00000000f2580000)
  to   space 223744K, 0% used [0x00000000f2580000,0x00000000f2580000,0x0000000100000000)
 ParOldGen       total 1345024K, used 1344884K [0x0000000084e00000, 0x00000000d6f80000, 0x00000000d6f80000)
  object space 1345024K, 99% used [0x0000000084e00000,0x00000000d6f5d250,0x00000000d6f80000)
 Metaspace       used 15216K, capacity 15388K, committed 15744K, reserved 1062912K
  class space    used 1753K, capacity 1821K, committed 1920K, reserved 1048576K
Event: 8953,890 GC heap after
Heap after GC invocations=201 (full 96):
 PSYoungGen      total 448512K, used 224332K [0x00000000d6f80000, 0x0000000100000000, 0x0000000100000000)
  eden space 224768K, 99% used [0x00000000d6f80000,0x00000000e4a93350,0x00000000e4b00000)
  from space 223744K, 0% used [0x00000000e4b00000,0x00000000e4b00000,0x00000000f2580000)
  to   space 223744K, 0% used [0x00000000f2580000,0x00000000f2580000,0x0000000100000000)
 ParOldGen       total 1345024K, used 1344884K [0x0000000084e00000, 0x00000000d6f80000, 0x00000000d6f80000)
  object space 1345024K, 99% used [0x0000000084e00000,0x00000000d6f5d250,0x00000000d6f80000)
 Metaspace       used 15216K, capacity 15388K, committed 15744K, reserved 1062912K
  class space    used 1753K, capacity 1821K, committed 1920K, reserved 1048576K
}
Event: 12015,691 GC heap before
{Heap before GC invocations=202 (full 97):
 PSYoungGen      total 448512K, used 224768K [0x00000000d6f80000, 0x0000000100000000, 0x0000000100000000)
  eden space 224768K, 100% used [0x00000000d6f80000,0x00000000e4b00000,0x00000000e4b00000)
  from space 223744K, 0% used [0x00000000e4b00000,0x00000000e4b00000,0x00000000f2580000)
  to   space 223744K, 0% used [0x00000000f2580000,0x00000000f2580000,0x0000000100000000)
 ParOldGen       total 1345024K, used 1344884K [0x0000000084e00000, 0x00000000d6f80000, 0x00000000d6f80000)
  object space 1345024K, 99% used [0x0000000084e00000,0x00000000d6f5d250,0x00000000d6f80000)
 Metaspace       used 15216K, capacity 15388K, committed 15744K, reserved 1062912K
  class space    used 1753K, capacity 1821K, committed 1920K, reserved 1048576K
Event: 12020,405 GC heap after
Heap after GC invocations=202 (full 97):
 PSYoungGen      total 448512K, used 224332K [0x00000000d6f80000, 0x0000000100000000, 0x0000000100000000)
  eden space 224768K, 99% used [0x00000000d6f80000,0x00000000e4a933a8,0x00000000e4b00000)
  from space 223744K, 0% used [0x00000000e4b00000,0x00000000e4b00000,0x00000000f2580000)
  to   space 223744K, 0% used [0x00000000f2580000,0x00000000f2580000,0x0000000100000000)
 ParOldGen       total 1345024K, used 1344884K [0x0000000084e00000, 0x00000000d6f80000, 0x00000000d6f80000)
  object space 1345024K, 99% used [0x0000000084e00000,0x00000000d6f5d250,0x00000000d6f80000)
 Metaspace       used 15216K, capacity 15388K, committed 15744K, reserved 1062912K
  class space    used 1753K, capacity 1821K, committed 1920K, reserved 1048576K
}
Event: 15105,580 GC heap before
{Heap before GC invocations=203 (full 98):
 PSYoungGen      total 448512K, used 224768K [0x00000000d6f80000, 0x0000000100000000, 0x0000000100000000)
  eden space 224768K, 100% used [0x00000000d6f80000,0x00000000e4b00000,0x00000000e4b00000)
  from space 223744K, 0% used [0x00000000e4b00000,0x00000000e4b00000,0x00000000f2580000)
  to   space 223744K, 0% used [0x00000000f2580000,0x00000000f2580000,0x0000000100000000)
 ParOldGen       total 1345024K, used 1344884K [0x0000000084e00000, 0x00000000d6f80000, 0x00000000d6f80000)
  object space 1345024K, 99% used [0x0000000084e00000,0x00000000d6f5d250,0x00000000d6f80000)
 Metaspace       used 15216K, capacity 15388K, committed 15744K, reserved 1062912K
  class space    used 1753K, capacity 1821K, committed 1920K, reserved 1048576K
Event: 15110,252 GC heap after
Heap after GC invocations=203 (full 98):
 PSYoungGen      total 448512K, used 224332K [0x00000000d6f80000, 0x0000000100000000, 0x0000000100000000)
  eden space 224768K, 99% used [0x00000000d6f80000,0x00000000e4a93350,0x00000000e4b00000)
  from space 223744K, 0% used [0x00000000e4b00000,0x00000000e4b00000,0x00000000f2580000)
  to   space 223744K, 0% used [0x00000000f2580000,0x00000000f2580000,0x0000000100000000)
 ParOldGen       total 1345024K, used 1344884K [0x0000000084e00000, 0x00000000d6f80000, 0x00000000d6f80000)
  object space 1345024K, 99% used [0x0000000084e00000,0x00000000d6f5d250,0x00000000d6f80000)
 Metaspace       used 15216K, capacity 15388K, committed 15744K, reserved 1062912K
  class space    used 1753K, capacity 1821K, committed 1920K, reserved 1048576K
}
Event: 18212,566 GC heap before
{Heap before GC invocations=204 (full 99):
 PSYoungGen      total 448512K, used 224768K [0x00000000d6f80000, 0x0000000100000000, 0x0000000100000000)
  eden space 224768K, 100% used [0x00000000d6f80000,0x00000000e4b00000,0x00000000e4b00000)
  from space 223744K, 0% used [0x00000000e4b00000,0x00000000e4b00000,0x00000000f2580000)
  to   space 223744K, 0% used [0x00000000f2580000,0x00000000f2580000,0x0000000100000000)
 ParOldGen       total 1345024K, used 1344884K [0x0000000084e00000, 0x00000000d6f80000, 0x00000000d6f80000)
  object space 1345024K, 99% used [0x0000000084e00000,0x00000000d6f5d250,0x00000000d6f80000)
 Metaspace       used 15216K, capacity 15388K, committed 15744K, reserved 1062912K
  class space    used 1753K, capacity 1821K, committed 1920K, reserved 1048576K
Event: 18217,158 GC heap after
Heap after GC invocations=204 (full 99):
 PSYoungGen      total 448512K, used 224332K [0x00000000d6f80000, 0x0000000100000000, 0x0000000100000000)
  eden space 224768K, 99% used [0x00000000d6f80000,0x00000000e4a933e0,0x00000000e4b00000)
  from space 223744K, 0% used [0x00000000e4b00000,0x00000000e4b00000,0x00000000f2580000)
  to   space 223744K, 0% used [0x00000000f2580000,0x00000000f2580000,0x0000000100000000)
 ParOldGen       total 1345024K, used 1344884K [0x0000000084e00000, 0x00000000d6f80000, 0x00000000d6f80000)
  object space 1345024K, 99% used [0x0000000084e00000,0x00000000d6f5d250,0x00000000d6f80000)
 Metaspace       used 15216K, capacity 15388K, committed 15744K, reserved 1062912K
  class space    used 1753K, capacity 1821K, committed 1920K, reserved 1048576K
}
Event: 20397,393 GC heap before
{Heap before GC invocations=205 (full 100):
 PSYoungGen      total 448512K, used 224768K [0x00000000d6f80000, 0x0000000100000000, 0x0000000100000000)
  eden space 224768K, 100% used [0x00000000d6f80000,0x00000000e4b00000,0x00000000e4b00000)
  from space 223744K, 0% used [0x00000000e4b00000,0x00000000e4b00000,0x00000000f2580000)
  to   space 223744K, 0% used [0x00000000f2580000,0x00000000f2580000,0x0000000100000000)
 ParOldGen       total 1345024K, used 1344884K [0x0000000084e00000, 0x00000000d6f80000, 0x00000000d6f80000)
  object space 1345024K, 99% used [0x0000000084e00000,0x00000000d6f5d250,0x00000000d6f80000)
 Metaspace       used 15216K, capacity 15388K, committed 15744K, reserved 1062912K
  class space    used 1753K, capacity 1821K, committed 1920K, reserved 1048576K
Event: 20402,034 GC heap after
Heap after GC invocations=205 (full 100):
 PSYoungGen      total 448512K, used 224333K [0x00000000d6f80000, 0x0000000100000000, 0x0000000100000000)
  eden space 224768K, 99% used [0x00000000d6f80000,0x00000000e4a93720,0x00000000e4b00000)
  from space 223744K, 0% used [0x00000000e4b00000,0x00000000e4b00000,0x00000000f2580000)
  to   space 223744K, 0% used [0x00000000f2580000,0x00000000f2580000,0x0000000100000000)
 ParOldGen       total 1345024K, used 1344884K [0x0000000084e00000, 0x00000000d6f80000, 0x00000000d6f80000)
  object space 1345024K, 99% used [0x0000000084e00000,0x00000000d6f5d250,0x00000000d6f80000)
 Metaspace       used 15216K, capacity 15388K, committed 15744K, reserved 1062912K
  class space    used 1753K, capacity 1821K, committed 1920K, reserved 1048576K
}

